<?xml version="1.0" encoding="UTF-8"?>
<!-- Generated by org.testng.reporters.JUnitReportReporter -->
<testsuite hostname="Al-Qadomi" failures="0" tests="4" name="ooooooo.jjjjj" time="1.644" errors="0" timestamp="2025-06-29T16:01:09 EET" skipped="0">
  <testcase classname="ooooooo.jjjjj" name="navigateToLoginPage" time="0.631"/>
  <testcase classname="ooooooo.jjjjj" name="checkTheLoginWindow" time="0.033"/>
  <testcase classname="ooooooo.jjjjj" name="logIn" time="0.949"/>
  <testcase classname="ooooooo.jjjjj" name="checkAddressText" time="0.031"/>
</testsuite> <!-- ooooooo.jjjjj -->
